[debug] [2021-06-16T13:12:18.488Z] ----------------------------------------------------------------------
[debug] [2021-06-16T13:12:18.491Z] Command:       /Users/test/.nvm/versions/node/v15.6.0/bin/node /Users/test/.nvm/versions/node/v15.6.0/bin/firebase init
[debug] [2021-06-16T13:12:18.492Z] CLI Version:   9.13.0
[debug] [2021-06-16T13:12:18.492Z] Platform:      darwin
[debug] [2021-06-16T13:12:18.492Z] Node Version:  v15.6.0
[debug] [2021-06-16T13:12:18.493Z] Time:          Wed Jun 16 2021 06:12:18 GMT-0700 (Pacific Daylight Time)
[debug] [2021-06-16T13:12:18.493Z] ----------------------------------------------------------------------
[debug] 
[debug] [2021-06-16T13:12:18.501Z] > command requires scopes: ["email","openid","https://www.googleapis.com/auth/cloudplatformprojects.readonly","https://www.googleapis.com/auth/firebase","https://www.googleapis.com/auth/cloud-platform"]
[debug] [2021-06-16T13:12:18.501Z] > authorizing via signed-in user (david.perekopskiy@go.shoreline.edu)
[info] 
     ######## #### ########  ######## ########     ###     ######  ########
     ##        ##  ##     ## ##       ##     ##  ##   ##  ##       ##
     ######    ##  ########  ######   ########  #########  ######  ######
     ##        ##  ##    ##  ##       ##     ## ##     ##       ## ##
     ##       #### ##     ## ######## ########  ##     ##  ######  ########

You're about to initialize a Firebase project in this directory:

  /Users/test/Desktop/All/unt/newapp

[info] 
=== Project Setup
[info] 
[info] First, let's associate this project directory with a Firebase project.
[info] You can create multiple project aliases by running firebase use --add, 
[info] but for now we'll just set up a default project.
[info] 
[debug] [2021-06-16T13:12:37.699Z] > refreshing access token with scopes: []
[debug] [2021-06-16T13:12:37.700Z] >>> HTTP REQUEST POST https://www.googleapis.com/oauth2/v3/token  
 <request body omitted>
[debug] [2021-06-16T13:12:37.844Z] <<< HTTP RESPONSE 400 {"pragma":"no-cache","date":"Wed, 16 Jun 2021 13:12:37 GMT","expires":"Mon, 01 Jan 1990 00:00:00 GMT","cache-control":"no-cache, no-store, max-age=0, must-revalidate","content-type":"application/json; charset=utf-8","vary":"X-Origin, Referer, Origin,Accept-Encoding","server":"scaffolding on HTTPServer2","x-xss-protection":"0","x-frame-options":"SAMEORIGIN","x-content-type-options":"nosniff","alt-svc":"h3=\":443\"; ma=2592000,h3-29=\":443\"; ma=2592000,h3-T051=\":443\"; ma=2592000,h3-Q050=\":443\"; ma=2592000,h3-Q046=\":443\"; ma=2592000,h3-Q043=\":443\"; ma=2592000,quic=\":443\"; ma=2592000; v=\"46,43\"","accept-ranges":"none","transfer-encoding":"chunked"}
[debug] [2021-06-16T13:12:37.847Z] >>> [apiv2][query] GET https://firebase.googleapis.com/v1beta1/projects pageSize=100
[debug] [2021-06-16T13:12:37.958Z] <<< [apiv2][status] GET https://firebase.googleapis.com/v1beta1/projects 401
[debug] [2021-06-16T13:12:37.958Z] <<< [apiv2][body] GET https://firebase.googleapis.com/v1beta1/projects [omitted]
[debug] [2021-06-16T13:12:37.958Z] HTTP Error: 401, Request had invalid authentication credentials. Expected OAuth 2 access token, login cookie or other valid authentication credential. See https://developers.google.com/identity/sign-in/web/devconsole-project.
[debug] [2021-06-16T13:12:38.038Z] FirebaseError: HTTP Error: 401, Request had invalid authentication credentials. Expected OAuth 2 access token, login cookie or other valid authentication credential. See https://developers.google.com/identity/sign-in/web/devconsole-project.
    at module.exports (/Users/test/.nvm/versions/node/v15.6.0/lib/node_modules/firebase-tools/lib/responseToError.js:38:12)
    at Client.doRequest (/Users/test/.nvm/versions/node/v15.6.0/lib/node_modules/firebase-tools/lib/apiv2.js:238:23)
    at processTicksAndRejections (node:internal/process/task_queues:94:5)
    at async Client.request (/Users/test/.nvm/versions/node/v15.6.0/lib/node_modules/firebase-tools/lib/apiv2.js:96:20)
    at async getProjectPage (/Users/test/.nvm/versions/node/v15.6.0/lib/node_modules/firebase-tools/lib/management/projects.js:233:17)
    at async getFirebaseProjectPage (/Users/test/.nvm/versions/node/v15.6.0/lib/node_modules/firebase-tools/lib/management/projects.js:250:23)
    at async selectProjectInteractively (/Users/test/.nvm/versions/node/v15.6.0/lib/node_modules/firebase-tools/lib/management/projects.js:95:41)
    at async Object.doSetup [as project] (/Users/test/.nvm/versions/node/v15.6.0/lib/node_modules/firebase-tools/lib/init/features/project.js:87:27)
    at async init (/Users/test/.nvm/versions/node/v15.6.0/lib/node_modules/firebase-tools/lib/init/index.js:19:9)
[error] 
[error] Error: Failed to list Firebase projects. See firebase-debug.log for more info.
[debug] [2021-06-16T13:14:03.209Z] ----------------------------------------------------------------------
[debug] [2021-06-16T13:14:03.212Z] Command:       /Users/test/.nvm/versions/node/v15.6.0/bin/node /Users/test/.nvm/versions/node/v15.6.0/bin/firebase init
[debug] [2021-06-16T13:14:03.212Z] CLI Version:   9.13.0
[debug] [2021-06-16T13:14:03.212Z] Platform:      darwin
[debug] [2021-06-16T13:14:03.212Z] Node Version:  v15.6.0
[debug] [2021-06-16T13:14:03.229Z] Time:          Wed Jun 16 2021 06:14:03 GMT-0700 (Pacific Daylight Time)
[debug] [2021-06-16T13:14:03.229Z] ----------------------------------------------------------------------
[debug] 
[debug] [2021-06-16T13:14:03.236Z] > command requires scopes: ["email","openid","https://www.googleapis.com/auth/cloudplatformprojects.readonly","https://www.googleapis.com/auth/firebase","https://www.googleapis.com/auth/cloud-platform"]
[debug] [2021-06-16T13:14:03.237Z] > authorizing via signed-in user (david.perekopskiy@go.shoreline.edu)
[info] 
     ######## #### ########  ######## ########     ###     ######  ########
     ##        ##  ##     ## ##       ##     ##  ##   ##  ##       ##
     ######    ##  ########  ######   ########  #########  ######  ######
     ##        ##  ##    ##  ##       ##     ## ##     ##       ## ##
     ##       #### ##     ## ######## ########  ##     ##  ######  ########

You're about to initialize a Firebase project in this directory:

  /Users/test/Desktop/All/unt/newapp

[info] 
=== Project Setup
[info] 
[info] First, let's associate this project directory with a Firebase project.
[info] You can create multiple project aliases by running firebase use --add, 
[info] but for now we'll just set up a default project.
[info] 
[info] i  If you want to create a project in a Google Cloud organization or folder, please use "firebase projects:create" instead, and return to this command when you've created the project. 
[debug] [2021-06-16T13:14:53.696Z] > refreshing access token with scopes: ["email","https://www.googleapis.com/auth/cloud-platform","https://www.googleapis.com/auth/cloudplatformprojects.readonly","https://www.googleapis.com/auth/firebase","openid"]
[debug] [2021-06-16T13:14:53.697Z] >>> HTTP REQUEST POST https://www.googleapis.com/oauth2/v3/token  
 <request body omitted>
[debug] [2021-06-16T13:14:53.845Z] <<< HTTP RESPONSE 400 {"expires":"Mon, 01 Jan 1990 00:00:00 GMT","date":"Wed, 16 Jun 2021 13:14:53 GMT","pragma":"no-cache","cache-control":"no-cache, no-store, max-age=0, must-revalidate","content-type":"application/json; charset=utf-8","vary":"X-Origin, Referer, Origin,Accept-Encoding","server":"scaffolding on HTTPServer2","x-xss-protection":"0","x-frame-options":"SAMEORIGIN","x-content-type-options":"nosniff","alt-svc":"h3=\":443\"; ma=2592000,h3-29=\":443\"; ma=2592000,h3-T051=\":443\"; ma=2592000,h3-Q050=\":443\"; ma=2592000,h3-Q046=\":443\"; ma=2592000,h3-Q043=\":443\"; ma=2592000,quic=\":443\"; ma=2592000; v=\"46,43\"","accept-ranges":"none","transfer-encoding":"chunked"}
[debug] [2021-06-16T13:14:53.847Z] >>> HTTP REQUEST POST https://cloudresourcemanager.googleapis.com/v1/projects  
 {"projectId":"builder","name":"builder"}
[debug] [2021-06-16T13:14:53.952Z] <<< HTTP RESPONSE 401 {"www-authenticate":"Bearer realm=\"https://accounts.google.com/\", error=\"invalid_token\"","vary":"X-Origin, Referer, Origin,Accept-Encoding","content-type":"application/json; charset=UTF-8","date":"Wed, 16 Jun 2021 13:14:54 GMT","server":"ESF","cache-control":"private","x-xss-protection":"0","x-frame-options":"SAMEORIGIN","x-content-type-options":"nosniff","server-timing":"gfet4t7; dur=15","alt-svc":"h3=\":443\"; ma=2592000,h3-29=\":443\"; ma=2592000,h3-T051=\":443\"; ma=2592000,h3-Q050=\":443\"; ma=2592000,h3-Q046=\":443\"; ma=2592000,h3-Q043=\":443\"; ma=2592000,quic=\":443\"; ma=2592000; v=\"46,43\"","accept-ranges":"none","transfer-encoding":"chunked"}
[debug] [2021-06-16T13:14:53.952Z] <<< HTTP RESPONSE BODY {"error":{"code":401,"message":"Request had invalid authentication credentials. Expected OAuth 2 access token, login cookie or other valid authentication credential. See https://developers.google.com/identity/sign-in/web/devconsole-project.","status":"UNAUTHENTICATED"}}
[debug] [2021-06-16T13:14:54.045Z] FirebaseError: HTTP Error: 401, Request had invalid authentication credentials. Expected OAuth 2 access token, login cookie or other valid authentication credential. See https://developers.google.com/identity/sign-in/web/devconsole-project.
    at module.exports (/Users/test/.nvm/versions/node/v15.6.0/lib/node_modules/firebase-tools/lib/responseToError.js:38:12)
    at Request._callback (/Users/test/.nvm/versions/node/v15.6.0/lib/node_modules/firebase-tools/lib/api.js:41:35)
    at Request.self.callback (/Users/test/.nvm/versions/node/v15.6.0/lib/node_modules/firebase-tools/node_modules/request/request.js:185:22)
    at Request.emit (node:events:379:20)
    at Request.EventEmitter.emit (node:domain:470:12)
    at Request.<anonymous> (/Users/test/.nvm/versions/node/v15.6.0/lib/node_modules/firebase-tools/node_modules/request/request.js:1154:10)
    at Request.emit (node:events:379:20)
    at Request.EventEmitter.emit (node:domain:470:12)
    at IncomingMessage.<anonymous> (/Users/test/.nvm/versions/node/v15.6.0/lib/node_modules/firebase-tools/node_modules/request/request.js:1076:12)
    at Object.onceWrapper (node:events:485:28)
    at IncomingMessage.emit (node:events:391:22)
    at IncomingMessage.EventEmitter.emit (node:domain:470:12)
    at endReadableNT (node:internal/streams/readable:1307:12)
    at processTicksAndRejections (node:internal/process/task_queues:81:21)
[error] 
[error] Error: Failed to create project. See firebase-debug.log for more info.
[debug] [2021-06-16T13:14:59.761Z] ----------------------------------------------------------------------
[debug] [2021-06-16T13:14:59.763Z] Command:       /Users/test/.nvm/versions/node/v15.6.0/bin/node /Users/test/.nvm/versions/node/v15.6.0/bin/firebase init
[debug] [2021-06-16T13:14:59.763Z] CLI Version:   9.13.0
[debug] [2021-06-16T13:14:59.763Z] Platform:      darwin
[debug] [2021-06-16T13:14:59.763Z] Node Version:  v15.6.0
[debug] [2021-06-16T13:14:59.764Z] Time:          Wed Jun 16 2021 06:14:59 GMT-0700 (Pacific Daylight Time)
[debug] [2021-06-16T13:14:59.764Z] ----------------------------------------------------------------------
[debug] 
[debug] [2021-06-16T13:14:59.769Z] > command requires scopes: ["email","openid","https://www.googleapis.com/auth/cloudplatformprojects.readonly","https://www.googleapis.com/auth/firebase","https://www.googleapis.com/auth/cloud-platform"]
[debug] [2021-06-16T13:14:59.770Z] > authorizing via signed-in user (david.perekopskiy@go.shoreline.edu)
[info] 
     ######## #### ########  ######## ########     ###     ######  ########
     ##        ##  ##     ## ##       ##     ##  ##   ##  ##       ##
     ######    ##  ########  ######   ########  #########  ######  ######
     ##        ##  ##    ##  ##       ##     ## ##     ##       ## ##
     ##       #### ##     ## ######## ########  ##     ##  ######  ########

You're about to initialize a Firebase project in this directory:

  /Users/test/Desktop/All/unt/newapp

[info] 
=== Project Setup
[info] 
[info] First, let's associate this project directory with a Firebase project.
[info] You can create multiple project aliases by running firebase use --add, 
[info] but for now we'll just set up a default project.
[info] 
[debug] [2021-06-16T13:15:04.940Z] > refreshing access token with scopes: []
[debug] [2021-06-16T13:15:04.940Z] >>> HTTP REQUEST POST https://www.googleapis.com/oauth2/v3/token  
 <request body omitted>
[debug] [2021-06-16T13:15:05.056Z] <<< HTTP RESPONSE 400 {"expires":"Mon, 01 Jan 1990 00:00:00 GMT","date":"Wed, 16 Jun 2021 13:15:05 GMT","pragma":"no-cache","cache-control":"no-cache, no-store, max-age=0, must-revalidate","content-type":"application/json; charset=utf-8","vary":"X-Origin, Referer, Origin,Accept-Encoding","server":"scaffolding on HTTPServer2","x-xss-protection":"0","x-frame-options":"SAMEORIGIN","x-content-type-options":"nosniff","alt-svc":"h3=\":443\"; ma=2592000,h3-29=\":443\"; ma=2592000,h3-T051=\":443\"; ma=2592000,h3-Q050=\":443\"; ma=2592000,h3-Q046=\":443\"; ma=2592000,h3-Q043=\":443\"; ma=2592000,quic=\":443\"; ma=2592000; v=\"46,43\"","accept-ranges":"none","transfer-encoding":"chunked"}
[debug] [2021-06-16T13:15:05.059Z] >>> [apiv2][query] GET https://firebase.googleapis.com/v1beta1/projects pageSize=100
[debug] [2021-06-16T13:15:05.159Z] <<< [apiv2][status] GET https://firebase.googleapis.com/v1beta1/projects 401
[debug] [2021-06-16T13:15:05.159Z] <<< [apiv2][body] GET https://firebase.googleapis.com/v1beta1/projects [omitted]
[debug] [2021-06-16T13:15:05.160Z] HTTP Error: 401, Request had invalid authentication credentials. Expected OAuth 2 access token, login cookie or other valid authentication credential. See https://developers.google.com/identity/sign-in/web/devconsole-project.
[debug] [2021-06-16T13:15:05.227Z] FirebaseError: HTTP Error: 401, Request had invalid authentication credentials. Expected OAuth 2 access token, login cookie or other valid authentication credential. See https://developers.google.com/identity/sign-in/web/devconsole-project.
    at module.exports (/Users/test/.nvm/versions/node/v15.6.0/lib/node_modules/firebase-tools/lib/responseToError.js:38:12)
    at Client.doRequest (/Users/test/.nvm/versions/node/v15.6.0/lib/node_modules/firebase-tools/lib/apiv2.js:238:23)
    at processTicksAndRejections (node:internal/process/task_queues:94:5)
    at async Client.request (/Users/test/.nvm/versions/node/v15.6.0/lib/node_modules/firebase-tools/lib/apiv2.js:96:20)
    at async getProjectPage (/Users/test/.nvm/versions/node/v15.6.0/lib/node_modules/firebase-tools/lib/management/projects.js:233:17)
    at async getFirebaseProjectPage (/Users/test/.nvm/versions/node/v15.6.0/lib/node_modules/firebase-tools/lib/management/projects.js:250:23)
    at async selectProjectInteractively (/Users/test/.nvm/versions/node/v15.6.0/lib/node_modules/firebase-tools/lib/management/projects.js:95:41)
    at async Object.doSetup [as project] (/Users/test/.nvm/versions/node/v15.6.0/lib/node_modules/firebase-tools/lib/init/features/project.js:87:27)
    at async init (/Users/test/.nvm/versions/node/v15.6.0/lib/node_modules/firebase-tools/lib/init/index.js:19:9)
[error] 
[error] Error: Failed to list Firebase projects. See firebase-debug.log for more info.
